<?xml version="1.0" encoding="UTF-8"?>
<testng-results ignored="0" total="1" passed="1" failed="0" skipped="0">
  <reporter-output>
  </reporter-output>
  <suite started-at="2023-08-17T17:03:40 IST" name="Default suite" finished-at="2023-08-17T17:05:15 IST" duration-ms="95390">
    <groups>
    </groups>
    <test started-at="2023-08-17T17:03:40 IST" name="Default test" finished-at="2023-08-17T17:05:15 IST" duration-ms="95390">
      <class name="Scripts.TestCase1_1">
        <test-method is-config="true" signature="openApp()[pri:0, instance:Scripts.TestCase1_1@4ec4f3a0]" started-at="2023-08-17T17:03:40 IST" name="openApp" finished-at="2023-08-17T17:05:10 IST" duration-ms="90102" status="PASS">
          <reporter-output>
          </reporter-output>
        </test-method> <!-- openApp -->
        <test-method signature="tc1()[pri:0, instance:Scripts.TestCase1_1@4ec4f3a0]" started-at="2023-08-17T17:05:10 IST" name="tc1" finished-at="2023-08-17T17:05:14 IST" duration-ms="3668" status="PASS">
          <reporter-output>
          </reporter-output>
        </test-method> <!-- tc1 -->
        <test-method is-config="true" signature="closeApp(org.testng.ITestResult)[pri:0, instance:Scripts.TestCase1_1@4ec4f3a0]" started-at="2023-08-17T17:05:14 IST" name="closeApp" finished-at="2023-08-17T17:05:15 IST" duration-ms="1561" status="PASS">
          <params>
            <param index="0">
              <value>
                <![CDATA[[TestResult name=tc1 status=SUCCESS method=TestCase1_1.tc1()[pri:0, instance:Scripts.TestCase1_1@4ec4f3a0] output={null}]]]>
              </value>
            </param>
          </params>
          <reporter-output>
          </reporter-output>
        </test-method> <!-- closeApp -->
      </class> <!-- Scripts.TestCase1_1 -->
    </test> <!-- Default test -->
  </suite> <!-- Default suite -->
</testng-results>
